"../../../../../../UE4/Prototype_Ingrid_4.21/Content/Ai/AiState.uasset" 0
"../../../../../../UE4/Prototype_Ingrid_4.21/Content/Ai/RandomPath/BehaviorTreeBB.uasset" 1
"../../../Engine/Content/EditorBlueprintResources/StandardMacros.uasset" 2
"../../../../../../UE4/Prototype_Ingrid_4.21/Content/Ai/RandomPath/Tasks/Task_LookForPlayer.uasset" 3
"../../../../../../UE4/Prototype_Ingrid_4.21/Content/Ai/RandomPath/Tasks/Task_MovementSpeed.uasset" 4
"../../../../../../UE4/Prototype_Ingrid_4.21/Content/Textures/metal_n.uasset" 5
"../../../../../../UE4/Prototype_Ingrid_4.21/Content/Materials/M_Basic.uasset" 6
"../../../../../../UE4/Prototype_Ingrid_4.21/Content/Materials/INST_Waypoint.uasset" 7
"../../../Engine/Content/Functions/Engine_MaterialFunctions01/Opacity/CameraDepthFade.uasset" 8
"../../../Engine/Content/EngineMaterials/T_Default_Material_Grid_M.uasset" 9
"../../../Engine/Content/EngineMaterials/T_Default_Material_Grid_N.uasset" 10
"../../../Engine/Content/EngineMaterials/WorldGridMaterial.uasset" 11
"../../../Engine/Content/BasicShapes/Cube.uasset" 12
"../../../../../../UE4/Prototype_Ingrid_4.21/Content/Placeable/AI_Waypoint.uasset" 13
"../../../../../../UE4/Prototype_Ingrid_4.21/Content/Ai/SpecificPath.uasset" 14
"../../../../../../UE4/Prototype_Ingrid_4.21/Content/Ai/RandomPath/Tasks/Task_SpecificLocation.uasset" 15
"../../../../../../UE4/Prototype_Ingrid_4.21/Content/Ai/RandomPath/PrototypeSpecificBT.uasset" 16
"../../../../../../UE4/Prototype_Ingrid_4.21/Content/Blueprints/Enums/SetAiMode.uasset" 17
"../../../../../../UE4/Prototype_Ingrid_4.21/Content/Ai/AI_PrototypeCrowdController.uasset" 18
"../../../Engine/Content/BasicShapes/BasicShapeMaterial.uasset" 19
"../../../Engine/Content/EngineMaterials/DefaultMaterial.uasset" 20
"../../../Engine/Content/BasicShapes/Sphere.uasset" 21
"../../../../../../UE4/Prototype_Ingrid_4.21/Content/Blueprints/Prototype_Bullet.uasset" 22
"../../../Engine/Content/Functions/Engine_MaterialFunctions01/Density/ExponentialDensity.uasset" 23
"../../../Engine/Content/Functions/Engine_MaterialFunctions01/Gradient/RadialGradientExponential.uasset" 24
"../../../Engine/Content/Functions/Engine_MaterialFunctions02/Texturing/CustomRotator.uasset" 25
"../../../Engine/Content/Functions/Engine_MaterialFunctions02/Utility/VectorToRadialValue.uasset" 26
"../../../../../../UE4/Prototype_Ingrid_4.21/Content/Materials/M_CircularProgressBar.uasset" 27
"../../../../../../UE4/Prototype_Ingrid_4.21/Content/Materials/INST_CircularProgressBar.uasset" 28
"../../../../../../UE4/Prototype_Ingrid_4.21/Content/Blueprints/Widgets/Prototype_BuildingMusket.uasset" 29
"../../../../../../UE4/Prototype_Ingrid_4.21/Content/Materials/INST_Weapon.uasset" 30
"../../../../../../UE4/Prototype_Ingrid_4.21/Content/Meshes/MESH_Musket_Body.uasset" 31
"../../../../../../UE4/Prototype_Ingrid_4.21/Content/Meshes/MESH_Musket_Butt.uasset" 32
"../../../../../../UE4/Prototype_Ingrid_4.21/Content/Meshes/MESH_Musket_IronSight.uasset" 33
"../../../../../../UE4/Prototype_Ingrid_4.21/Content/Meshes/MESH_Musket_Pipe.uasset" 34
"../../../../../../UE4/Prototype_Ingrid_4.21/Content/Meshes/MESH_Musket_Trigger.uasset" 35
"../../../../../../UE4/Prototype_Ingrid_4.21/Content/Blueprints/Prototype_Musket.uasset" 36
"../../../../../../UE4/Prototype_Ingrid_4.21/Content/Blueprints/PrototypeController.uasset" 37
"../../../../../../UE4/Prototype_Ingrid_4.21/Content/Blueprints/Enums/ItemsList.uasset" 38
"../../../../../../UE4/Prototype_Ingrid_4.21/Content/Blueprints/Enums/ItemInfo.uasset" 39
"../../../../../../UE4/Prototype_Ingrid_4.21/Content/Materials/INST_Ammo.uasset" 40
"../../../../../../UE4/Prototype_Ingrid_4.21/Content/Meshes/MESH_Ammo.uasset" 41
"../../../../../../UE4/Prototype_Ingrid_4.21/Content/Materials/INST_FirstAidKit.uasset" 42
"../../../../../../UE4/Prototype_Ingrid_4.21/Content/Meshes/MESH_FirstAidKit.uasset" 43
"../../../../../../UE4/Prototype_Ingrid_4.21/Content/Materials/INST_Note.uasset" 44
"../../../../../../UE4/Prototype_Ingrid_4.21/Content/Meshes/MESH_Note.uasset" 45
"../../../../../../UE4/Prototype_Ingrid_4.21/Content/Materials/INST_Wall.uasset" 46
"../../../../../../UE4/Prototype_Ingrid_4.21/Content/Meshes/MESH_SuperiorAmmo.uasset" 47
"../../../../../../UE4/Prototype_Ingrid_4.21/Content/Materials/INST_SuperiorFirstAidKit.uasset" 48
"../../../../../../UE4/Prototype_Ingrid_4.21/Content/Meshes/MESH_SuperiorFirstAidKit.uasset" 49
"../../../../../../UE4/Prototype_Ingrid_4.21/Content/Textures/health.uasset" 50
"../../../../../../UE4/Prototype_Ingrid_4.21/Content/Materials/M_Particle.uasset" 51
"../../../../../../UE4/Prototype_Ingrid_4.21/Content/Particles/P_Health.uasset" 52
"../../../../../../UE4/Prototype_Ingrid_4.21/Content/Blueprints/Enums/ItemData.uasset" 53
"../../../../../../UE4/Prototype_Ingrid_4.21/Content/Blueprints/Widgets/Prototype_Item_Pickup.uasset" 54
"../../../../../../UE4/Prototype_Ingrid_4.21/Content/Placeable/BP_MasterPickup.uasset" 55
"../../../../../../UE4/Prototype_Ingrid_4.21/Content/Blueprints/Widgets/Prototype_ItemInfo.uasset" 56
"../../../../../../UE4/Prototype_Ingrid_4.21/Content/Textures/Icons/ammo_icon.uasset" 57
"../../../../../../UE4/Prototype_Ingrid_4.21/Content/Textures/Icons/health_icon.uasset" 58
"../../../../../../UE4/Prototype_Ingrid_4.21/Content/Textures/Icons/superior_ammo_icon.uasset" 59
"../../../../../../UE4/Prototype_Ingrid_4.21/Content/Textures/Icons/superior_health_icon.uasset" 60
"../../../../../../UE4/Prototype_Ingrid_4.21/Content/Blueprints/Widgets/Prototype_Inventory.uasset" 61
"../../../../../../UE4/Prototype_Ingrid_4.21/Content/Blueprints/Widgets/Prototype_Player_HUD.uasset" 62
"../../../../../../UE4/Prototype_Ingrid_4.21/Content/Blueprints/Widgets/Prototype_Quests.uasset" 63
"../../../../../../UE4/Prototype_Ingrid_4.21/Content/Placeable/Player.uasset" 64
"../../../../../../UE4/Prototype_Ingrid_4.21/Content/Enemies/INST_Enemy.uasset" 65
"../../../../../../UE4/Prototype_Ingrid_4.21/Content/Placeable/Prototype_Enemy.uasset" 66
"../../../../../../UE4/Prototype_Ingrid_4.21/Content/Ai/RandomPath/Tasks/Service_VisionCheck.uasset" 67
"../../../../../../UE4/Prototype_Ingrid_4.21/Content/Ai/RandomPath/Tasks/Task_RandomLocation.uasset" 68
"../../../../../../UE4/Prototype_Ingrid_4.21/Content/Ai/RandomPath/PrototypeRandomBT.uasset" 69
"../../../../../../UE4/Prototype_Ingrid_4.21/Content/Ai/AI_PrototypeController.uasset" 70
"../../../../../../UE4/Prototype_Ingrid_4.21/Content/Ai/RandomPath/Task_Dead.uasset" 71
"../../../../../../UE4/Prototype_Ingrid_4.21/Content/Blueprints/Prototype_CamShake.uasset" 72
"../../../../../../UE4/Prototype_Ingrid_4.21/Content/Materials/INST_Boss.uasset" 73
"../../../../../../UE4/Prototype_Ingrid_4.21/Content/Materials/INST_LootBox.uasset" 74
"../../../Engine/Content/ArtTools/RenderToTexture/Meshes/S_1_Unit_Plane.uasset" 75
"../../../Engine/Content/BasicShapes/Cone.uasset" 76
"../../../Engine/Content/BasicShapes/Plane.uasset" 77
"../../../Engine/Content/EditorLandscapeResources/DataLayer.uasset" 78
"../../../Engine/Content/EditorMaterials/GizmoMaterial.uasset" 79
"../../../Engine/Content/EditorMaterials/MAT_Groups_Toggle.uasset" 80
"../../../Engine/Content/EditorMaterials/MAT_Groups_Visibility.uasset" 81
"../../../Engine/Content/EditorMaterials/PreviewShadowIndicator.uasset" 82
"../../../Engine/Content/EditorMaterials/PreviewShadowIndicatorMaterial.uasset" 83
"../../../Engine/Content/EditorMaterials/MatineeGroups/MAT_ColorTrack.uasset" 84
"../../../Engine/Content/EditorMaterials/MatineeGroups/MAT_Groups_Anim.uasset" 85
"../../../Engine/Content/EditorMaterials/MatineeGroups/MAT_Groups_AudioMaster.uasset" 86
"../../../Engine/Content/EditorMaterials/MatineeGroups/MAT_Groups_Director.uasset" 87
"../../../Engine/Content/EditorMaterials/MatineeGroups/MAT_Groups_Event.uasset" 88
"../../../Engine/Content/EditorMaterials/MatineeGroups/MAT_Groups_Fade.uasset" 89
"../../../Engine/Content/EditorMaterials/MatineeGroups/MAT_Groups_Float.uasset" 90
"../../../Engine/Content/EditorMaterials/MatineeGroups/MAT_Groups_Move.uasset" 91
"../../../Engine/Content/EditorMaterials/MatineeGroups/MAT_Groups_Slomo.uasset" 92
"../../../Engine/Content/EditorMaterials/MatineeGroups/MAT_Groups_Sound.uasset" 93
"../../../Engine/Content/EditorMaterials/MatineeGroups/MAT_Groups_Vector.uasset" 94
"../../../Engine/Content/EditorMaterials/ParticleSystems/PSysThumbnail_NoImage.uasset" 95
"../../../Engine/Content/EditorMaterials/ParticleSystems/PSysThumbnail_OOD.uasset" 96
"../../../Engine/Content/EditorMaterials/Camera/CineMat.uasset" 97
"../../../Engine/Content/EditorMaterials/Camera/MI_CineMat_Rig.uasset" 98
"../../../Engine/Content/EditorMeshes/Camera/SM_CraneRig_Arm.uasset" 99
"../../../Engine/Content/EditorMeshes/Camera/SM_CraneRig_Base.uasset" 100
"../../../Engine/Content/EditorMeshes/Camera/SM_CraneRig_Body.uasset" 101
"../../../Engine/Content/EditorMeshes/Camera/SM_CraneRig_Mount.uasset" 102
"../../../Engine/Content/EditorMeshes/Camera/SM_RailRig_Mount.uasset" 103
"../../../Engine/Content/EditorMeshes/Camera/SM_RailRig_Track.uasset" 104
"../../../Engine/Content/EditorResources/BSPVertex.uasset" 105
"../../../Engine/Content/EditorResources/EmptyActor.uasset" 106
"../../../Engine/Content/EditorResources/S_Actor.uasset" 107
"../../../Engine/Content/EditorResources/S_Trigger.uasset" 108
"../../../Engine/Content/EditorResources/SequenceRecorder/Countdown.uasset" 109
"../../../Engine/Content/EditorResources/SequenceRecorder/RecordingIndicator.uasset" 110
"../../../Engine/Content/EditorSounds/Notifications/CompileFailed.uasset" 111
"../../../Engine/Content/EditorSounds/Notifications/CompileFailed_Cue.uasset" 112
"../../../Engine/Content/EditorSounds/Notifications/CompileSuccess.uasset" 113
"../../../Engine/Content/EditorSounds/Notifications/CompileStart_Cue.uasset" 114
"../../../Engine/Content/EditorSounds/Notifications/CompileSuccess_Cue.uasset" 115
"../../../Engine/Content/EngineDamageTypes/DmgTypeBP_Environmental.uasset" 116
"../../../Engine/Content/EngineDebugMaterials/HeatmapGradient.uasset" 117
"../../../Engine/Content/EngineDebugMaterials/BoneWeightMaterial.uasset" 118
"../../../Engine/Content/EngineDebugMaterials/ClothMaterial.uasset" 119
"../../../Engine/Content/EngineDebugMaterials/ClothMaterial_WF.uasset" 120
"../../../Engine/Content/EngineDebugMaterials/DebugEditorMaterial.uasset" 121
"../../../Engine/Content/EngineDebugMaterials/DebugMeshMaterial.uasset" 122
"../../../Engine/Content/EngineDebugMaterials/GeomMaterial.uasset" 123
"../../../Engine/Content/EngineDebugMaterials/M_SimpleTranslucent.uasset" 124
"../../../Engine/Content/EngineFonts/Faces/RobotoBold.uasset" 125
"../../../Engine/Content/EngineFonts/Faces/RobotoBoldItalic.uasset" 126
"../../../Engine/Content/EngineFonts/Faces/RobotoItalic.uasset" 127
"../../../Engine/Content/EngineFonts/Faces/RobotoLight.uasset" 128
"../../../Engine/Content/EngineFonts/Faces/RobotoRegular.uasset" 129
"../../../Engine/Content/EngineFonts/Roboto.uasset" 130
"../../../Engine/Content/EngineFonts/Faces/RobotoTiny.uasset" 131
"../../../Engine/Content/EngineFonts/RobotoTiny.uasset" 132
"../../../Engine/Content/EngineMaterials/BaseFlattenDiffuseMap.uasset" 133
"../../../Engine/Content/EngineMaterials/BaseFlattenEmissiveMap.uasset" 134
"../../../Engine/Content/EngineMaterials/BaseFlattenGrayscaleMap.uasset" 135
"../../../Engine/Content/EngineMaterials/BaseFlattenNormalMap.uasset" 136
"../../../Engine/Content/EngineMaterials/BaseFlattenMaterial.uasset" 137
"../../../Engine/Content/EngineMaterials/DefaultBloomKernel.uasset" 138
"../../../Engine/Content/EngineMaterials/DefaultBokeh.uasset" 139
"../../../Engine/Content/EngineMaterials/DefaultDiffuse.uasset" 140
"../../../Engine/Content/EngineMaterials/DefaultDeferredDecalMaterial.uasset" 141
"../../../Engine/Content/EngineMaterials/DefaultLightFunctionMaterial.uasset" 142
"../../../Engine/Content/EngineMaterials/DefaultPhysicalMaterial.uasset" 143
"../../../Engine/Content/Functions/Engine_MaterialFunctions02/Utility/BreakOutFloat2Components.uasset" 144
"../../../Engine/Content/EngineMaterials/DefaultPostProcessMaterial.uasset" 145
"../../../Engine/Content/EngineFonts/RobotoDistanceField.uasset" 146
"../../../Engine/Content/EngineMaterials/DefaultTextMaterialOpaque.uasset" 147
"../../../Engine/Content/EngineMaterials/DefaultWhiteGrid.uasset" 148
"../../../Engine/Content/EngineMaterials/EditorBrushMaterial.uasset" 149
"../../../Engine/Content/EngineMaterials/Good64x64TilingNoiseHighFreq.uasset" 150
"../../../Engine/Content/EngineMaterials/MiniFont.uasset" 151
"../../../Engine/Content/EngineMaterials/InvalidLightmapSettings.uasset" 152
"../../../Engine/Content/EngineMaterials/M_InvalidLightmapSettings.uasset" 153
"../../../Engine/Content/Functions/Engine_MaterialFunctions02/WorldPositionOffset/CameraOffset.uasset" 154
"../../../Engine/Content/EngineMaterials/PhAT_JointLimitMaterial.uasset" 155
"../../../Engine/Content/EngineMaterials/PreintegratedSkinBRDF.uasset" 156
"../../../Engine/Content/EngineMaterials/RemoveSurfaceMaterial.uasset" 157
"../../../Engine/Content/EngineMaterials/WeightMapPlaceholderTexture.uasset" 158
"../../../Engine/Content/EngineResources/WhiteSquareTexture.uasset" 159
"../../../Engine/Content/EngineMaterials/Widget3DPassThrough.uasset" 160
"../../../Engine/Content/EngineMaterials/Widget3DPassThrough_Masked.uasset" 161
"../../../Engine/Content/EngineMaterials/Widget3DPassThrough_Opaque.uasset" 162
"../../../Engine/Content/EngineMaterials/Widget3DPassThrough_Masked_OneSided.uasset" 163
"../../../Engine/Content/EngineMaterials/Widget3DPassThrough_Opaque_OneSided.uasset" 164
"../../../Engine/Content/EngineMaterials/Widget3DPassThrough_Translucent.uasset" 165
"../../../Engine/Content/EngineMaterials/Widget3DPassThrough_Translucent_OneSided.uasset" 166
"../../../Engine/Content/EngineMeshes/Cylinder.uasset" 167
"../../../Engine/Content/EngineMeshes/Sphere.uasset" 168
"../../../Engine/Content/EngineResources/Black.uasset" 169
"../../../Engine/Content/EngineResources/DefaultTexture.uasset" 170
"../../../Engine/Content/EngineResources/DefaultTextureCube.uasset" 171
"../../../Engine/Content/EngineResources/DefaultVolumeTexture2D.uasset" 172
"../../../Engine/Content/EngineResources/DefaultVolumeTexture.uasset" 173
"../../../Engine/Content/EngineResources/GradientTexture0.uasset" 174
"../../../Engine/Content/EngineSounds/Master.uasset" 175
"../../../Engine/Content/Functions/Engine_MaterialFunctions01/Shading/ConvertFromDiffSpec.uasset" 176
"../../../Engine/Content/Functions/Engine_MaterialFunctions01/Shading/PowerToRoughness.uasset" 177
"../../../Engine/Content/Maps/Templates/Thumbnails/Default.uasset" 178
"../../../Engine/Content/Maps/Templates/Thumbnails/VR-Basic.uasset" 179
"../../../Engine/Content/MobileResources/T_MobileControls_texture.uasset" 180
"../../../Engine/Content/MobileResources/T_MobileMenu2.uasset" 181
"../../../Engine/Content/MobileResources/HUD/AnalogHat.uasset" 182
"../../../Engine/Content/MobileResources/HUD/VirtualJoystick_Background.uasset" 183
"../../../Engine/Content/MobileResources/HUD/VirtualJoystick_Thumb.uasset" 184
"../../../Engine/Content/MobileResources/HUD/DefaultVirtualJoysticks.uasset" 185
"../../../Engine/Content/MobileResources/HUD/LeftVirtualJoystickOnly.uasset" 186
"../../../Engine/Content/MobileResources/HUD/MobileHUDButton1_off.uasset" 187
"../../../Engine/Content/MobileResources/HUD/MobileHUDButton1_on.uasset" 188
"../../../Engine/Content/MobileResources/HUD/MobileHUDButton2_off.uasset" 189
"../../../Engine/Content/MobileResources/HUD/MobileHUDButton2_on.uasset" 190
"../../../Engine/Content/MobileResources/HUD/MobileHUDButton3.uasset" 191
"../../../Engine/Content/MobileResources/HUD/MobileHUDButtonFire.uasset" 192
"../../../Engine/Content/MobileResources/HUD/MobileHUDDirectionPad.uasset" 193
"../../../Engine/Content/MobileResources/HUD/MobileHUDDirectionPad2.uasset" 194
"../../../Engine/Content/MobileResources/HUD/MobileHUDDirectionPad3.uasset" 195
"../../../Engine/Content/MobileResources/HUD/MobileHUDDirectionStick.uasset" 196
"../../../Engine/Content/MobileResources/HUD/T_Castle_ThumbstickInner.uasset" 197
"../../../Engine/Content/MobileResources/HUD/T_Castle_ThumbstickOutter.uasset" 198
"../../../Engine/Content/Tutorial/ContentIntroCurve.uasset" 199
"../../../Engine/Content/Tutorial/Mobile/TutorialAssets/IOS.uasset" 200
"../../../Engine/Content/VREditor/LaserPointer/VR_LaserPower_01.uasset" 201
"../../../Engine/Content/VREditor/TransformGizmo/TransformGizmoMaterial.uasset" 202
"../../../Engine/Content/VREditor/TransformGizmo/TranslucentTransformGizmoMaterial.uasset" 203
"../../../Engine/Content/VREditor/TransformGizmo/BoundingBoxCorner.uasset" 204
"../../../Engine/Content/VREditor/TransformGizmo/BoundingBoxEdge.uasset" 205
"../../../Engine/Content/VREditor/TransformGizmo/PlaneTranslationHandle.uasset" 206
"../../../Engine/Content/VREditor/TransformGizmo/Main.uasset" 207
"../../../Engine/Content/VREditor/TransformGizmo/Xray.uasset" 208
"../../../Engine/Content/VREditor/TransformGizmo/SM_Sequencer_Key.uasset" 209
"../../../Engine/Content/VREditor/TransformGizmo/SM_Sequencer_Node.uasset" 210
"../../Plugins/2D/Paper2D/Content/PlaceholderTextures/DummySpriteTexture.uasset" 211
"../../Plugins/2D/Paper2D/Content/DummySprite.uasset" 212
"../../Plugins/2D/Paper2D/Content/DefaultPaperTerrainMaterial.uasset" 213
"../../Plugins/2D/Paper2D/Content/DefaultSpriteMaterial.uasset" 214
"../../Plugins/2D/Paper2D/Content/MaskedUnlitSpriteMaterial.uasset" 215
"../../Plugins/2D/Paper2D/Content/OpaqueUnlitSpriteMaterial.uasset" 216
"../../Plugins/Runtime/Oculus/OculusVR/Content/Materials/PokeAHoleMaterial.uasset" 217
"../../Plugins/Runtime/Oculus/OculusVR/Content/Textures/GearVRController_AO.uasset" 218
"../../Plugins/Runtime/Oculus/OculusVR/Content/Textures/GearVRController_Color.uasset" 219
"../../Plugins/Runtime/Oculus/OculusVR/Content/Textures/GearVRController_Normal.uasset" 220
"../../Plugins/Runtime/Oculus/OculusVR/Content/Materials/GearVRControllerMaterial.uasset" 221
"../../Plugins/Runtime/Oculus/OculusVR/Content/Meshes/GearVrController.uasset" 222
"../../Plugins/Runtime/Oculus/OculusVR/Content/Textures/touchController_albedo.uasset" 223
"../../Plugins/Runtime/Oculus/OculusVR/Content/Textures/touchController_controlmap.uasset" 224
"../../Plugins/Runtime/Oculus/OculusVR/Content/Materials/touchController_mat.uasset" 225
"../../Plugins/Runtime/Oculus/OculusVR/Content/Meshes/LeftTouchController.uasset" 226
"../../Plugins/Runtime/Oculus/OculusVR/Content/Meshes/RiftHMD.uasset" 227
"../../Plugins/Runtime/Oculus/OculusVR/Content/Meshes/RightTouchController.uasset" 228
"../../../../../../UE4/Prototype_Ingrid_4.21/Content/Placeable/PlayerMeasure.uasset" 229
"../../../../../../UE4/Prototype_Ingrid_4.21/Content/Maps/MAP_Manor_BuiltData.uasset" 230
"../../../../../../UE4/Prototype_Ingrid_4.21/Content/Materials/INST_RedCarpet.uasset" 231
"../../../Engine/Content/BasicShapes/Cylinder.uasset" 232
"../../../../../../UE4/Prototype_Ingrid_4.21/Content/Maps/MAP_Manor.umap" 233
"../../../../../../UE4/Prototype_Ingrid_4.21/Content/BP_Arrow.uasset" 234
"../../../../../../UE4/Prototype_Ingrid_4.21/Content/Blueprints/Prototype_GameMode.uasset" 235
"../../../../../../UE4/Prototype_Ingrid_4.21/Content/Placeable/BP_EndGame.uasset" 236
"../../../../../../UE4/Prototype_Ingrid_4.21/Content/Materials/INST_SuperiorAmmo.uasset" 237
"../../../../../../UE4/Prototype_Ingrid_4.21/Content/Meshes/MESH_LootBox_Body.uasset" 238
"../../../../../../UE4/Prototype_Ingrid_4.21/Content/Materials/INST_Metal.uasset" 239
"../../../../../../UE4/Prototype_Ingrid_4.21/Content/Meshes/MESH_LootBox_Cover.uasset" 240
"../../../../../../UE4/Prototype_Ingrid_4.21/Content/Placeable/BP_LootBox.uasset" 241
"../../../../../../UE4/Prototype_Ingrid_4.21/Content/Maps/Prototype_MainLevel_BuiltData.uasset" 242
"../../../../../../UE4/Prototype_Ingrid_4.21/Content/Meshes/MESH_Hole.uasset" 243
"../../../../../../UE4/Prototype_Ingrid_4.21/Content/Maps/Prototype_MainLevel.umap" 244
"../../../Engine/Content/Maps/Entry_BuiltData.uasset" 245
"../../../Engine/Content/Maps/Entry.umap" 246
