"../../../../../../UE4/Prototype_Ingrid_4.21/Content/Blueprints/Prototype_CamShake.uasset" 0
"../../../../../../UE4/Prototype_Ingrid_4.21/Content/Materials/M_Basic.uasset" 1
"../../../../../../UE4/Prototype_Ingrid_4.21/Content/Materials/INST_White.uasset" 2
"../../../../../../UE4/Prototype_Ingrid_4.21/Content/Meshes/MESH_Ceiling.uasset" 3
"../../../../../../UE4/Prototype_Ingrid_4.21/Content/Meshes/MESH_Floor.uasset" 4
"../../../Engine/Content/Functions/Engine_MaterialFunctions01/Opacity/CameraDepthFade.uasset" 5
"../../../Engine/Content/EngineMaterials/T_Default_Material_Grid_M.uasset" 6
"../../../Engine/Content/EngineMaterials/T_Default_Material_Grid_N.uasset" 7
"../../../Engine/Content/EngineMaterials/WorldGridMaterial.uasset" 8
"../../../../../../UE4/Prototype_Ingrid_4.21/Content/Meshes/MESH_Walls.uasset" 9
"../../../Engine/Content/ArtTools/RenderToTexture/Meshes/S_1_Unit_Plane.uasset" 10
"../../../Engine/Content/EngineMaterials/DefaultMaterial.uasset" 11
"../../../Engine/Content/BasicShapes/Cone.uasset" 12
"../../../Engine/Content/BasicShapes/Cylinder.uasset" 13
"../../../Engine/Content/BasicShapes/Plane.uasset" 14
"../../../Engine/Content/BasicShapes/Sphere.uasset" 15
"../../../Engine/Content/EditorLandscapeResources/DataLayer.uasset" 16
"../../../Engine/Content/EditorMaterials/GizmoMaterial.uasset" 17
"../../../Engine/Content/EditorMaterials/MAT_Groups_Toggle.uasset" 18
"../../../Engine/Content/EditorMaterials/MAT_Groups_Visibility.uasset" 19
"../../../Engine/Content/EditorMaterials/PreviewShadowIndicator.uasset" 20
"../../../Engine/Content/EditorMaterials/PreviewShadowIndicatorMaterial.uasset" 21
"../../../Engine/Content/EditorMaterials/MatineeGroups/MAT_ColorTrack.uasset" 22
"../../../Engine/Content/EditorMaterials/MatineeGroups/MAT_Groups_Anim.uasset" 23
"../../../Engine/Content/EditorMaterials/MatineeGroups/MAT_Groups_AudioMaster.uasset" 24
"../../../Engine/Content/EditorMaterials/MatineeGroups/MAT_Groups_Director.uasset" 25
"../../../Engine/Content/EditorMaterials/MatineeGroups/MAT_Groups_Event.uasset" 26
"../../../Engine/Content/EditorMaterials/MatineeGroups/MAT_Groups_Fade.uasset" 27
"../../../Engine/Content/EditorMaterials/MatineeGroups/MAT_Groups_Float.uasset" 28
"../../../Engine/Content/EditorMaterials/MatineeGroups/MAT_Groups_Move.uasset" 29
"../../../Engine/Content/EditorMaterials/MatineeGroups/MAT_Groups_Slomo.uasset" 30
"../../../Engine/Content/EditorMaterials/MatineeGroups/MAT_Groups_Sound.uasset" 31
"../../../Engine/Content/EditorMaterials/MatineeGroups/MAT_Groups_Vector.uasset" 32
"../../../Engine/Content/EditorMaterials/ParticleSystems/PSysThumbnail_NoImage.uasset" 33
"../../../Engine/Content/EditorMaterials/ParticleSystems/PSysThumbnail_OOD.uasset" 34
"../../../Engine/Content/EditorMaterials/Camera/CineMat.uasset" 35
"../../../Engine/Content/EditorMaterials/Camera/MI_CineMat_Rig.uasset" 36
"../../../Engine/Content/EditorMeshes/Camera/SM_CraneRig_Arm.uasset" 37
"../../../Engine/Content/EditorMeshes/Camera/SM_CraneRig_Base.uasset" 38
"../../../Engine/Content/EditorMeshes/Camera/SM_CraneRig_Body.uasset" 39
"../../../Engine/Content/EditorMeshes/Camera/SM_CraneRig_Mount.uasset" 40
"../../../Engine/Content/EditorMeshes/Camera/SM_RailRig_Mount.uasset" 41
"../../../Engine/Content/EditorMeshes/Camera/SM_RailRig_Track.uasset" 42
"../../../Engine/Content/EditorResources/BSPVertex.uasset" 43
"../../../Engine/Content/EditorResources/EmptyActor.uasset" 44
"../../../Engine/Content/EditorResources/S_Actor.uasset" 45
"../../../Engine/Content/EditorResources/S_Trigger.uasset" 46
"../../../Engine/Content/EditorResources/SequenceRecorder/Countdown.uasset" 47
"../../../Engine/Content/EditorResources/SequenceRecorder/RecordingIndicator.uasset" 48
"../../../Engine/Content/EditorSounds/Notifications/CompileFailed.uasset" 49
"../../../Engine/Content/EditorSounds/Notifications/CompileFailed_Cue.uasset" 50
"../../../Engine/Content/EditorSounds/Notifications/CompileSuccess.uasset" 51
"../../../Engine/Content/EditorSounds/Notifications/CompileStart_Cue.uasset" 52
"../../../Engine/Content/EditorSounds/Notifications/CompileSuccess_Cue.uasset" 53
"../../../Engine/Content/EngineDamageTypes/DmgTypeBP_Environmental.uasset" 54
"../../../Engine/Content/EngineDebugMaterials/HeatmapGradient.uasset" 55
"../../../Engine/Content/EngineDebugMaterials/BoneWeightMaterial.uasset" 56
"../../../Engine/Content/EngineDebugMaterials/ClothMaterial.uasset" 57
"../../../Engine/Content/EngineDebugMaterials/ClothMaterial_WF.uasset" 58
"../../../Engine/Content/EngineDebugMaterials/DebugEditorMaterial.uasset" 59
"../../../Engine/Content/EngineDebugMaterials/DebugMeshMaterial.uasset" 60
"../../../Engine/Content/EngineDebugMaterials/GeomMaterial.uasset" 61
"../../../Engine/Content/EngineDebugMaterials/M_SimpleTranslucent.uasset" 62
"../../../Engine/Content/EngineFonts/Faces/RobotoBold.uasset" 63
"../../../Engine/Content/EngineFonts/Faces/RobotoBoldItalic.uasset" 64
"../../../Engine/Content/EngineFonts/Faces/RobotoItalic.uasset" 65
"../../../Engine/Content/EngineFonts/Faces/RobotoLight.uasset" 66
"../../../Engine/Content/EngineFonts/Faces/RobotoRegular.uasset" 67
"../../../Engine/Content/EngineFonts/Roboto.uasset" 68
"../../../Engine/Content/EngineFonts/Faces/RobotoTiny.uasset" 69
"../../../Engine/Content/EngineFonts/RobotoTiny.uasset" 70
"../../../Engine/Content/EngineMaterials/BaseFlattenDiffuseMap.uasset" 71
"../../../Engine/Content/EngineMaterials/BaseFlattenEmissiveMap.uasset" 72
"../../../Engine/Content/EngineMaterials/BaseFlattenGrayscaleMap.uasset" 73
"../../../Engine/Content/EngineMaterials/BaseFlattenNormalMap.uasset" 74
"../../../Engine/Content/EngineMaterials/BaseFlattenMaterial.uasset" 75
"../../../Engine/Content/EngineMaterials/DefaultBloomKernel.uasset" 76
"../../../Engine/Content/EngineMaterials/DefaultBokeh.uasset" 77
"../../../Engine/Content/EngineMaterials/DefaultDiffuse.uasset" 78
"../../../Engine/Content/EngineMaterials/DefaultDeferredDecalMaterial.uasset" 79
"../../../Engine/Content/EngineMaterials/DefaultLightFunctionMaterial.uasset" 80
"../../../Engine/Content/EngineMaterials/DefaultPhysicalMaterial.uasset" 81
"../../../Engine/Content/Functions/Engine_MaterialFunctions02/Utility/BreakOutFloat2Components.uasset" 82
"../../../Engine/Content/EngineMaterials/DefaultPostProcessMaterial.uasset" 83
"../../../Engine/Content/EngineFonts/RobotoDistanceField.uasset" 84
"../../../Engine/Content/EngineMaterials/DefaultTextMaterialOpaque.uasset" 85
"../../../Engine/Content/EngineMaterials/DefaultWhiteGrid.uasset" 86
"../../../Engine/Content/EngineMaterials/EditorBrushMaterial.uasset" 87
"../../../Engine/Content/EngineMaterials/Good64x64TilingNoiseHighFreq.uasset" 88
"../../../Engine/Content/EngineMaterials/MiniFont.uasset" 89
"../../../Engine/Content/EngineMaterials/InvalidLightmapSettings.uasset" 90
"../../../Engine/Content/EngineMaterials/M_InvalidLightmapSettings.uasset" 91
"../../../Engine/Content/Functions/Engine_MaterialFunctions02/WorldPositionOffset/CameraOffset.uasset" 92
"../../../Engine/Content/EngineMaterials/PhAT_JointLimitMaterial.uasset" 93
"../../../Engine/Content/EngineMaterials/PreintegratedSkinBRDF.uasset" 94
"../../../Engine/Content/EngineMaterials/RemoveSurfaceMaterial.uasset" 95
"../../../Engine/Content/EngineMaterials/WeightMapPlaceholderTexture.uasset" 96
"../../../Engine/Content/EngineResources/WhiteSquareTexture.uasset" 97
"../../../Engine/Content/EngineMaterials/Widget3DPassThrough.uasset" 98
"../../../Engine/Content/EngineMaterials/Widget3DPassThrough_Masked.uasset" 99
"../../../Engine/Content/EngineMaterials/Widget3DPassThrough_Opaque.uasset" 100
"../../../Engine/Content/EngineMaterials/Widget3DPassThrough_Masked_OneSided.uasset" 101
"../../../Engine/Content/EngineMaterials/Widget3DPassThrough_Opaque_OneSided.uasset" 102
"../../../Engine/Content/EngineMaterials/Widget3DPassThrough_Translucent.uasset" 103
"../../../Engine/Content/EngineMaterials/Widget3DPassThrough_Translucent_OneSided.uasset" 104
"../../../Engine/Content/EngineMeshes/Cylinder.uasset" 105
"../../../Engine/Content/EngineMeshes/Sphere.uasset" 106
"../../../Engine/Content/EngineResources/Black.uasset" 107
"../../../Engine/Content/EngineResources/DefaultTexture.uasset" 108
"../../../Engine/Content/EngineResources/DefaultTextureCube.uasset" 109
"../../../Engine/Content/EngineResources/DefaultVolumeTexture2D.uasset" 110
"../../../Engine/Content/EngineResources/DefaultVolumeTexture.uasset" 111
"../../../Engine/Content/EngineResources/GradientTexture0.uasset" 112
"../../../Engine/Content/EngineSounds/Master.uasset" 113
"../../../Engine/Content/Functions/Engine_MaterialFunctions01/Shading/ConvertFromDiffSpec.uasset" 114
"../../../Engine/Content/Functions/Engine_MaterialFunctions01/Shading/PowerToRoughness.uasset" 115
"../../../Engine/Content/Maps/Templates/Thumbnails/Default.uasset" 116
"../../../Engine/Content/Maps/Templates/Thumbnails/VR-Basic.uasset" 117
"../../../Engine/Content/MobileResources/T_MobileControls_texture.uasset" 118
"../../../Engine/Content/MobileResources/T_MobileMenu2.uasset" 119
"../../../Engine/Content/MobileResources/HUD/AnalogHat.uasset" 120
"../../../Engine/Content/MobileResources/HUD/VirtualJoystick_Background.uasset" 121
"../../../Engine/Content/MobileResources/HUD/VirtualJoystick_Thumb.uasset" 122
"../../../Engine/Content/MobileResources/HUD/DefaultVirtualJoysticks.uasset" 123
"../../../Engine/Content/MobileResources/HUD/LeftVirtualJoystickOnly.uasset" 124
"../../../Engine/Content/MobileResources/HUD/MobileHUDButton1_off.uasset" 125
"../../../Engine/Content/MobileResources/HUD/MobileHUDButton1_on.uasset" 126
"../../../Engine/Content/MobileResources/HUD/MobileHUDButton2_off.uasset" 127
"../../../Engine/Content/MobileResources/HUD/MobileHUDButton2_on.uasset" 128
"../../../Engine/Content/MobileResources/HUD/MobileHUDButton3.uasset" 129
"../../../Engine/Content/MobileResources/HUD/MobileHUDButtonFire.uasset" 130
"../../../Engine/Content/MobileResources/HUD/MobileHUDDirectionPad.uasset" 131
"../../../Engine/Content/MobileResources/HUD/MobileHUDDirectionPad2.uasset" 132
"../../../Engine/Content/MobileResources/HUD/MobileHUDDirectionPad3.uasset" 133
"../../../Engine/Content/MobileResources/HUD/MobileHUDDirectionStick.uasset" 134
"../../../Engine/Content/MobileResources/HUD/T_Castle_ThumbstickInner.uasset" 135
"../../../Engine/Content/MobileResources/HUD/T_Castle_ThumbstickOutter.uasset" 136
"../../../Engine/Content/Tutorial/ContentIntroCurve.uasset" 137
"../../../Engine/Content/Tutorial/Mobile/TutorialAssets/IOS.uasset" 138
"../../../Engine/Content/VREditor/LaserPointer/VR_LaserPower_01.uasset" 139
"../../../Engine/Content/VREditor/TransformGizmo/TransformGizmoMaterial.uasset" 140
"../../../Engine/Content/VREditor/TransformGizmo/TranslucentTransformGizmoMaterial.uasset" 141
"../../../Engine/Content/VREditor/TransformGizmo/BoundingBoxCorner.uasset" 142
"../../../Engine/Content/VREditor/TransformGizmo/BoundingBoxEdge.uasset" 143
"../../../Engine/Content/VREditor/TransformGizmo/PlaneTranslationHandle.uasset" 144
"../../../Engine/Content/VREditor/TransformGizmo/Main.uasset" 145
"../../../Engine/Content/VREditor/TransformGizmo/Xray.uasset" 146
"../../../Engine/Content/VREditor/TransformGizmo/SM_Sequencer_Key.uasset" 147
"../../../Engine/Content/VREditor/TransformGizmo/SM_Sequencer_Node.uasset" 148
"../../Plugins/2D/Paper2D/Content/PlaceholderTextures/DummySpriteTexture.uasset" 149
"../../Plugins/2D/Paper2D/Content/DummySprite.uasset" 150
"../../Plugins/2D/Paper2D/Content/DefaultPaperTerrainMaterial.uasset" 151
"../../Plugins/2D/Paper2D/Content/DefaultSpriteMaterial.uasset" 152
"../../Plugins/2D/Paper2D/Content/MaskedUnlitSpriteMaterial.uasset" 153
"../../Plugins/2D/Paper2D/Content/OpaqueUnlitSpriteMaterial.uasset" 154
"../../Plugins/Runtime/Oculus/OculusVR/Content/Materials/PokeAHoleMaterial.uasset" 155
"../../Plugins/Runtime/Oculus/OculusVR/Content/Textures/GearVRController_AO.uasset" 156
"../../Plugins/Runtime/Oculus/OculusVR/Content/Textures/GearVRController_Color.uasset" 157
"../../Plugins/Runtime/Oculus/OculusVR/Content/Textures/GearVRController_Normal.uasset" 158
"../../Plugins/Runtime/Oculus/OculusVR/Content/Materials/GearVRControllerMaterial.uasset" 159
"../../Plugins/Runtime/Oculus/OculusVR/Content/Meshes/GearVrController.uasset" 160
"../../Plugins/Runtime/Oculus/OculusVR/Content/Textures/touchController_albedo.uasset" 161
"../../Plugins/Runtime/Oculus/OculusVR/Content/Textures/touchController_controlmap.uasset" 162
"../../Plugins/Runtime/Oculus/OculusVR/Content/Materials/touchController_mat.uasset" 163
"../../Plugins/Runtime/Oculus/OculusVR/Content/Meshes/LeftTouchController.uasset" 164
"../../Plugins/Runtime/Oculus/OculusVR/Content/Meshes/RiftHMD.uasset" 165
"../../Plugins/Runtime/Oculus/OculusVR/Content/Meshes/RightTouchController.uasset" 166
"../../../../../../UE4/Prototype_Ingrid_4.21/Content/Placeable/Player.uasset" 167
"../../../../../../UE4/Prototype_Ingrid_4.21/Content/Ai/AiState.uasset" 168
"../../../../../../UE4/Prototype_Ingrid_4.21/Content/Ai/RandomPath/BehaviorTreeBB.uasset" 169
"../../../../../../UE4/Prototype_Ingrid_4.21/Content/Ai/RandomPath/Tasks/Service_VisionCheck.uasset" 170
"../../../../../../UE4/Prototype_Ingrid_4.21/Content/Ai/RandomPath/Tasks/Task_LookForPlayer.uasset" 171
"../../../../../../UE4/Prototype_Ingrid_4.21/Content/Ai/RandomPath/Tasks/Task_MovementSpeed.uasset" 172
"../../../../../../UE4/Prototype_Ingrid_4.21/Content/Ai/SpecificPath.uasset" 173
"../../../../../../UE4/Prototype_Ingrid_4.21/Content/Ai/RandomPath/Tasks/Task_RandomLocation.uasset" 174
"../../../../../../UE4/Prototype_Ingrid_4.21/Content/Ai/RandomPath/PrototypeRandomBT.uasset" 175
"../../../../../../UE4/Prototype_Ingrid_4.21/Content/Materials/INST_Waypoint.uasset" 176
"../../../Engine/Content/BasicShapes/Cube.uasset" 177
"../../../../../../UE4/Prototype_Ingrid_4.21/Content/Placeable/AI_Waypoint.uasset" 178
"../../../../../../UE4/Prototype_Ingrid_4.21/Content/Ai/RandomPath/Tasks/Task_SpecificLocation.uasset" 179
"../../../../../../UE4/Prototype_Ingrid_4.21/Content/Ai/RandomPath/PrototypeSpecificBT.uasset" 180
"../../../../../../UE4/Prototype_Ingrid_4.21/Content/Blueprints/Enums/SetAiMode.uasset" 181
"../../../../../../UE4/Prototype_Ingrid_4.21/Content/Ai/AI_PrototypeController.uasset" 182
"../../../../../../UE4/Prototype_Ingrid_4.21/Content/Enemies/INST_Enemy.uasset" 183
"../../../../../../UE4/Prototype_Ingrid_4.21/Content/Placeable/Prototype_Enemy.uasset" 184
"../../../Engine/Content/EditorBlueprintResources/StandardMacros.uasset" 185
"../../../../../../UE4/Prototype_Ingrid_4.21/Content/Blueprints/Enums/ItemsList.uasset" 186
"../../../../../../UE4/Prototype_Ingrid_4.21/Content/Blueprints/Enums/ItemInfo.uasset" 187
"../../../../../../UE4/Prototype_Ingrid_4.21/Content/Materials/INST_Ammo.uasset" 188
"../../../../../../UE4/Prototype_Ingrid_4.21/Content/Meshes/MESH_Ammo.uasset" 189
"../../../../../../UE4/Prototype_Ingrid_4.21/Content/Materials/INST_FirstAidKit.uasset" 190
"../../../../../../UE4/Prototype_Ingrid_4.21/Content/Meshes/MESH_FirstAidKit.uasset" 191
"../../../../../../UE4/Prototype_Ingrid_4.21/Content/Materials/INST_Note.uasset" 192
"../../../../../../UE4/Prototype_Ingrid_4.21/Content/Meshes/MESH_Note.uasset" 193
"../../../../../../UE4/Prototype_Ingrid_4.21/Content/Materials/INST_SuperiorAmmo.uasset" 194
"../../../../../../UE4/Prototype_Ingrid_4.21/Content/Meshes/MESH_SuperiorAmmo.uasset" 195
"../../../../../../UE4/Prototype_Ingrid_4.21/Content/Materials/INST_SuperiorFirstAidKit.uasset" 196
"../../../../../../UE4/Prototype_Ingrid_4.21/Content/Meshes/MESH_SuperiorFirstAidKit.uasset" 197
"../../../../../../UE4/Prototype_Ingrid_4.21/Content/Textures/health.uasset" 198
"../../../../../../UE4/Prototype_Ingrid_4.21/Content/Materials/M_Particle.uasset" 199
"../../../../../../UE4/Prototype_Ingrid_4.21/Content/Particles/P_Health.uasset" 200
"../../../../../../UE4/Prototype_Ingrid_4.21/Content/Blueprints/Enums/ItemData.uasset" 201
"../../../../../../UE4/Prototype_Ingrid_4.21/Content/Blueprints/Widgets/Prototype_Item_Pickup.uasset" 202
"../../../../../../UE4/Prototype_Ingrid_4.21/Content/Placeable/A_MasterPickup.uasset" 203
"../../../../../../UE4/Prototype_Ingrid_4.21/Content/Blueprints/Widgets/Prototype_ItemInfo.uasset" 204
"../../../../../../UE4/Prototype_Ingrid_4.21/Content/Blueprints/Widgets/Prototype_Inventory.uasset" 205
"../../../../../../UE4/Prototype_Ingrid_4.21/Content/Blueprints/PrototypeController.uasset" 206
"../../../../../../UE4/Prototype_Ingrid_4.21/Content/Blueprints/Widgets/Prototype_Player_HUD.uasset" 207
"../../../../../../UE4/Prototype_Ingrid_4.21/Content/Blueprints/Prototype_GameMode.uasset" 208
"../../../../../../UE4/Prototype_Ingrid_4.21/Content/Maps/Prototype_MainLevel_BuiltData.uasset" 209
"../../../../../../UE4/Prototype_Ingrid_4.21/Content/Maps/Prototype_MainLevel.umap" 210
"../../../Engine/Content/Maps/Entry_BuiltData.uasset" 211
"../../../Engine/Content/Maps/Entry.umap" 212
